<?xml version="1.0" encoding="UTF-8"?>
<!-- Generated by org.testng.reporters.JUnitXMLReporter -->
<testsuite ignored="0" hostname="BLRL201605" failures="1" tests="1" name="Test" time="18.037" errors="0" timestamp="2025-05-12T19:39:33 IST">
  <testcase classname="testcases.MyFirstTest" name="LoginTest" time="7.936">
    <failure type="java.lang.AssertionError" message="expected [Zoho Home] but found [Zoho Accounts]">
      <![CDATA[java.lang.AssertionError: expected [Zoho Home] but found [Zoho Accounts]
at testcases.MyFirstTest.LoginTest(MyFirstTest.java:24)
at java.base/java.util.ArrayList.forEach(ArrayList.java:1604)
... Removed 31 stack frames]]>
    </failure>
  </testcase> <!-- LoginTest -->
</testsuite> <!-- Test -->
